# JRE version: Java(TM) SE Runtime Environment (8.0_161-b12) (build 1.8.0_161-b12)
# Java VM: Java HotSpot(TM) 64-Bit Server VM (25.161-b12 mixed mode bsd-amd64 compressed oops)
Heap:
 PSYoungGen      total 248320K, used 51006K [0x0000000795580000, 0x00000007ac780000, 0x00000007c0000000)
  eden space 236032K, 21% used [0x0000000795580000,0x000000079874fb20,0x00000007a3c00000)
  from space 12288K, 0% used [0x00000007a3c00000,0x00000007a3c00000,0x00000007a4800000)
  to   space 13312K, 0% used [0x00000007aba80000,0x00000007aba80000,0x00000007ac780000)
 ParOldGen       total 65536K, used 15400K [0x0000000740000000, 0x0000000744000000, 0x0000000795580000)
  object space 65536K, 23% used [0x0000000740000000,0x0000000740f0a1a0,0x0000000744000000)
 Metaspace       used 35145K, capacity 36812K, committed 37032K, reserved 1081344K
  class space    used 4601K, capacity 4946K, committed 5032K, reserved 1048576K
GC Heap History (10 events):
Event: 6.904 GC heap before
{Heap before GC invocations=7 (full 1):
 PSYoungGen      total 140800K, used 6769K [0x0000000795580000, 0x000000079e880000, 0x00000007c0000000)
  eden space 132608K, 0% used [0x0000000795580000,0x0000000795580000,0x000000079d700000)
  from space 8192K, 82% used [0x000000079df80000,0x000000079e61c550,0x000000079e780000)
  to   space 8704K, 0% used [0x000000079d700000,0x000000079d700000,0x000000079df80000)
 ParOldGen       total 87552K, used 3569K [0x0000000740000000, 0x0000000745580000, 0x0000000795580000)
  object space 87552K, 4% used [0x0000000740000000,0x000000074037c5f8,0x0000000745580000)
 Metaspace       used 20614K, capacity 21218K, committed 21296K, reserved 1067008K
  class space    used 2692K, capacity 2875K, committed 2944K, reserved 1048576K
Event: 6.954 GC heap after
Heap after GC invocations=7 (full 1):
 PSYoungGen      total 140800K, used 0K [0x0000000795580000, 0x000000079e880000, 0x00000007c0000000)
  eden space 132608K, 0% used [0x0000000795580000,0x0000000795580000,0x000000079d700000)
  from space 8192K, 0% used [0x000000079df80000,0x000000079df80000,0x000000079e780000)
  to   space 8704K, 0% used [0x000000079d700000,0x000000079d700000,0x000000079df80000)
 ParOldGen       total 48128K, used 6559K [0x0000000740000000, 0x0000000742f00000, 0x0000000795580000)
  object space 48128K, 13% used [0x0000000740000000,0x0000000740667ec8,0x0000000742f00000)
 Metaspace       used 20614K, capacity 21218K, committed 21296K, reserved 1067008K
  class space    used 2692K, capacity 2875K, committed 2944K, reserved 1048576K
}
Event: 12.729 GC heap before
{Heap before GC invocations=8 (full 1):
 PSYoungGen      total 140800K, used 132608K [0x0000000795580000, 0x000000079e880000, 0x00000007c0000000)
  eden space 132608K, 100% used [0x0000000795580000,0x000000079d700000,0x000000079d700000)
  from space 8192K, 0% used [0x000000079df80000,0x000000079df80000,0x000000079e780000)
  to   space 8704K, 0% used [0x000000079d700000,0x000000079d700000,0x000000079df80000)
 ParOldGen       total 48128K, used 6559K [0x0000000740000000, 0x0000000742f00000, 0x0000000795580000)
  object space 48128K, 13% used [0x0000000740000000,0x0000000740667ec8,0x0000000742f00000)
 Metaspace       used 27511K, capacity 28492K, committed 28800K, reserved 1075200K
  class space    used 3604K, capacity 3862K, committed 3968K, reserved 1048576K
Event: 12.750 GC heap after
Heap after GC invocations=8 (full 1):
 PSYoungGen      total 141312K, used 8675K [0x0000000795580000, 0x00000007a5280000, 0x00000007c0000000)
  eden space 132608K, 0% used [0x0000000795580000,0x0000000795580000,0x000000079d700000)
  from space 8704K, 99% used [0x000000079d700000,0x000000079df78ee8,0x000000079df80000)
  to   space 9728K, 0% used [0x00000007a4900000,0x00000007a4900000,0x00000007a5280000)
 ParOldGen       total 48128K, used 6707K [0x0000000740000000, 0x0000000742f00000, 0x0000000795580000)
  object space 48128K, 13% used [0x0000000740000000,0x000000074068cfb8,0x0000000742f00000)
 Metaspace       used 27511K, capacity 28492K, committed 28800K, reserved 1075200K
  class space    used 3604K, capacity 3862K, committed 3968K, reserved 1048576K
}
Event: 15.522 GC heap before
{Heap before GC invocations=9 (full 1):
 PSYoungGen      total 141312K, used 141283K [0x0000000795580000, 0x00000007a5280000, 0x00000007c0000000)
  eden space 132608K, 100% used [0x0000000795580000,0x000000079d700000,0x000000079d700000)
  from space 8704K, 99% used [0x000000079d700000,0x000000079df78ee8,0x000000079df80000)
  to   space 9728K, 0% used [0x00000007a4900000,0x00000007a4900000,0x00000007a5280000)
 ParOldGen       total 48128K, used 6707K [0x0000000740000000, 0x0000000742f00000, 0x0000000795580000)
  object space 48128K, 13% used [0x0000000740000000,0x000000074068cfb8,0x0000000742f00000)
 Metaspace       used 31962K, capacity 33156K, committed 33408K, reserved 1079296K
  class space    used 4204K, capacity 4470K, committed 4480K, reserved 1048576K
Event: 15.553 GC heap after
Heap after GC invocations=9 (full 1):
 PSYoungGen      total 245760K, used 9722K [0x0000000795580000, 0x00000007a5400000, 0x00000007c0000000)
  eden space 236032K, 0% used [0x0000000795580000,0x0000000795580000,0x00000007a3c00000)
  from space 9728K, 99% used [0x00000007a4900000,0x00000007a527e9e0,0x00000007a5280000)
  to   space 12288K, 0% used [0x00000007a3c00000,0x00000007a3c00000,0x00000007a4800000)
 ParOldGen       total 48128K, used 9718K [0x0000000740000000, 0x0000000742f00000, 0x0000000795580000)
  object space 48128K, 20% used [0x0000000740000000,0x000000074097db28,0x0000000742f00000)
 Metaspace       used 31962K, capacity 33156K, committed 33408K, reserved 1079296K
  class space    used 4204K, capacity 4470K, committed 4480K, reserved 1048576K
}
Event: 16.021 GC heap before
{Heap before GC invocations=10 (full 1):
 PSYoungGen      total 245760K, used 51757K [0x0000000795580000, 0x00000007a5400000, 0x00000007c0000000)
  eden space 236032K, 17% used [0x0000000795580000,0x0000000797e8cc38,0x00000007a3c00000)
  from space 9728K, 99% used [0x00000007a4900000,0x00000007a527e9e0,0x00000007a5280000)
  to   space 12288K, 0% used [0x00000007a3c00000,0x00000007a3c00000,0x00000007a4800000)
 ParOldGen       total 48128K, used 9718K [0x0000000740000000, 0x0000000742f00000, 0x0000000795580000)
  object space 48128K, 20% used [0x0000000740000000,0x000000074097db28,0x0000000742f00000)
 Metaspace       used 33883K, capacity 35450K, committed 35496K, reserved 1079296K
  class space    used 4449K, capacity 4765K, committed 4776K, reserved 1048576K
Event: 16.047 GC heap after
Heap after GC invocations=10 (full 1):
 PSYoungGen      total 248320K, used 10547K [0x0000000795580000, 0x00000007ac780000, 0x00000007c0000000)
  eden space 236032K, 0% used [0x0000000795580000,0x0000000795580000,0x00000007a3c00000)
  from space 12288K, 85% used [0x00000007a3c00000,0x00000007a464cdf0,0x00000007a4800000)
  to   space 13312K, 0% used [0x00000007aba80000,0x00000007aba80000,0x00000007ac780000)
 ParOldGen       total 48128K, used 9726K [0x0000000740000000, 0x0000000742f00000, 0x0000000795580000)
  object space 48128K, 20% used [0x0000000740000000,0x000000074097fb28,0x0000000742f00000)
 Metaspace       used 33883K, capacity 35450K, committed 35496K, reserved 1079296K
  class space    used 4449K, capacity 4765K, committed 4776K, reserved 1048576K
}
Event: 16.047 GC heap before
{Heap before GC invocations=11 (full 2):
 PSYoungGen      total 248320K, used 10547K [0x0000000795580000, 0x00000007ac780000, 0x00000007c0000000)
  eden space 236032K, 0% used [0x0000000795580000,0x0000000795580000,0x00000007a3c00000)
  from space 12288K, 85% used [0x00000007a3c00000,0x00000007a464cdf0,0x00000007a4800000)
  to   space 13312K, 0% used [0x00000007aba80000,0x00000007aba80000,0x00000007ac780000)
 ParOldGen       total 48128K, used 9726K [0x0000000740000000, 0x0000000742f00000, 0x0000000795580000)
  object space 48128K, 20% used [0x0000000740000000,0x000000074097fb28,0x0000000742f00000)
 Metaspace       used 33883K, capacity 35450K, committed 35496K, reserved 1079296K
  class space    used 4449K, capacity 4765K, committed 4776K, reserved 1048576K
Event: 16.133 GC heap after
Heap after GC invocations=11 (full 2):
 PSYoungGen      total 248320K, used 0K [0x0000000795580000, 0x00000007ac780000, 0x00000007c0000000)
  eden space 236032K, 0% used [0x0000000795580000,0x0000000795580000,0x00000007a3c00000)
  from space 12288K, 0% used [0x00000007a3c00000,0x00000007a3c00000,0x00000007a4800000)
  to   space 13312K, 0% used [0x00000007aba80000,0x00000007aba80000,0x00000007ac780000)
 ParOldGen       total 65536K, used 15400K [0x0000000740000000, 0x0000000744000000, 0x0000000795580000)
  object space 65536K, 23% used [0x0000000740000000,0x0000000740f0a1a0,0x0000000744000000)
 Metaspace       used 33883K, capacity 35450K, committed 35496K, reserved 1079296K
  class space    used 4449K, capacity 4765K, committed 4776K, reserved 1048576K
}

